<?xml version="1.0" encoding="UTF-8"?>
<testng-results ignored="0" total="0" passed="0" failed="0" skipped="0">
  <reporter-output>
  </reporter-output>
  <suite started-at="2022-07-22T15:39:36 IST" name="Default suite" finished-at="2022-07-22T15:39:37 IST" duration-ms="946">
    <groups>
      <group name="cucumber">
        <method signature="AbstractTestNGCucumberTests.runScenario(io.cucumber.testng.PickleWrapper,io.cucumber.testng.FeatureWrapper)[pri:0, instance:com.sg.runner.RunnerFailedTest@2034b64c]" name="runScenario" class="io.cucumber.testng.AbstractTestNGCucumberTests"/>
      </group> <!-- cucumber -->
    </groups>
    <test started-at="2022-07-22T15:39:36 IST" name="Default test" finished-at="2022-07-22T15:39:37 IST" duration-ms="946">
      <class name="com.sg.runner.RunnerFailedTest">
        <test-method is-config="true" signature="setUpClass(org.testng.ITestContext)[pri:0, instance:com.sg.runner.RunnerFailedTest@2034b64c]" started-at="2022-07-22T15:39:36 IST" name="setUpClass" finished-at="2022-07-22T15:39:36 IST" duration-ms="822" status="PASS">
          <params>
            <param index="0">
              <value>
                <![CDATA[org.testng.TestRunner@68ed96ca]]>
              </value>
            </param>
          </params>
          <reporter-output>
          </reporter-output>
        </test-method> <!-- setUpClass -->
        <test-method is-config="true" signature="tearDownClass()[pri:0, instance:com.sg.runner.RunnerFailedTest@2034b64c]" started-at="2022-07-22T15:39:36 IST" name="tearDownClass" finished-at="2022-07-22T15:39:36 IST" duration-ms="61" status="PASS">
          <reporter-output>
          </reporter-output>
        </test-method> <!-- tearDownClass -->
      </class> <!-- com.sg.runner.RunnerFailedTest -->
    </test> <!-- Default test -->
  </suite> <!-- Default suite -->
</testng-results>
